  [1m[35m (0.1ms)[0m  [1m[35mDROP DATABASE IF EXISTS "BringMeACoffee_development"[0m
  [1m[35m (0.1ms)[0m  [1m[35mDROP DATABASE IF EXISTS "BringMeACoffee_test"[0m
  [1m[35m (570.2ms)[0m  [1m[35mCREATE DATABASE "BringMeACoffee_development" ENCODING = 'unicode'[0m
  [1m[35m (343.7ms)[0m  [1m[35mCREATE DATABASE "BringMeACoffee_test" ENCODING = 'unicode'[0m
  [1m[35m (24.4ms)[0m  [1m[35mCREATE TABLE "schema_migrations" ("version" character varying PRIMARY KEY)[0m
  [1m[35m (24.9ms)[0m  [1m[35mCREATE TABLE "ar_internal_metadata" ("key" character varying PRIMARY KEY, "value" character varying, "created_at" timestamp NOT NULL, "updated_at" timestamp NOT NULL)[0m
  [1m[35m (0.4ms)[0m  [1m[34mSELECT pg_try_advisory_lock(1387794601620059115);[0m
  [1m[36mActiveRecord::SchemaMigration Load (0.5ms)[0m  [1m[34mSELECT "schema_migrations".* FROM "schema_migrations"[0m
  [1m[36mActiveRecord::InternalMetadata Load (0.4ms)[0m  [1m[34mSELECT  "ar_internal_metadata".* FROM "ar_internal_metadata" WHERE "ar_internal_metadata"."key" = $1 LIMIT $2[0m  [["key", "environment"], ["LIMIT", 1]]
  [1m[35m (0.2ms)[0m  [1m[35mBEGIN[0m
  [1m[35mSQL (0.5ms)[0m  [1m[32mINSERT INTO "ar_internal_metadata" ("key", "value", "created_at", "updated_at") VALUES ($1, $2, $3, $4) RETURNING "key"[0m  [["key", "environment"], ["value", "development"], ["created_at", "2017-05-29 15:25:47.956550"], ["updated_at", "2017-05-29 15:25:47.956550"]]
  [1m[35m (16.2ms)[0m  [1m[35mCOMMIT[0m
  [1m[35m (0.3ms)[0m  [1m[34mSELECT pg_advisory_unlock(1387794601620059115)[0m
  [1m[36mActiveRecord::SchemaMigration Load (0.2ms)[0m  [1m[34mSELECT "schema_migrations".* FROM "schema_migrations"[0m
  [1m[35m (0.2ms)[0m  [1m[34mSELECT pg_try_advisory_lock(1387794601620059115);[0m
  [1m[36mActiveRecord::SchemaMigration Load (0.7ms)[0m  [1m[34mSELECT "schema_migrations".* FROM "schema_migrations"[0m
Migrating to DeviseCreateUsers (20170529152557)
  [1m[35m (0.3ms)[0m  [1m[35mBEGIN[0m
  [1m[35m (68.9ms)[0m  [1m[35mCREATE TABLE "users" ("id" serial primary key, "email" character varying DEFAULT '' NOT NULL, "encrypted_password" character varying DEFAULT '' NOT NULL, "reset_password_token" character varying, "reset_password_sent_at" timestamp, "remember_created_at" timestamp, "sign_in_count" integer DEFAULT 0 NOT NULL, "current_sign_in_at" timestamp, "last_sign_in_at" timestamp, "current_sign_in_ip" inet, "last_sign_in_ip" inet, "created_at" timestamp NOT NULL, "updated_at" timestamp NOT NULL)[0m
  [1m[35m (3.6ms)[0m  [1m[35mCREATE UNIQUE INDEX  "index_users_on_email" ON "users"  ("email")[0m
  [1m[35m (3.1ms)[0m  [1m[35mCREATE UNIQUE INDEX  "index_users_on_reset_password_token" ON "users"  ("reset_password_token")[0m
  [1m[35mSQL (0.6ms)[0m  [1m[32mINSERT INTO "schema_migrations" ("version") VALUES ($1) RETURNING "version"[0m  [["version", "20170529152557"]]
  [1m[35m (2.4ms)[0m  [1m[35mCOMMIT[0m
  [1m[36mActiveRecord::InternalMetadata Load (0.4ms)[0m  [1m[34mSELECT  "ar_internal_metadata".* FROM "ar_internal_metadata" WHERE "ar_internal_metadata"."key" = $1 LIMIT $2[0m  [["key", "environment"], ["LIMIT", 1]]
  [1m[35m (0.2ms)[0m  [1m[35mBEGIN[0m
  [1m[35m (0.1ms)[0m  [1m[35mCOMMIT[0m
  [1m[35m (0.2ms)[0m  [1m[34mSELECT pg_advisory_unlock(1387794601620059115)[0m
  [1m[36mActiveRecord::SchemaMigration Load (0.2ms)[0m  [1m[34mSELECT "schema_migrations".* FROM "schema_migrations"[0m
  [1m[35m (0.5ms)[0m  [1m[34mSELECT pg_try_advisory_lock(1387794601620059115);[0m
  [1m[36mActiveRecord::SchemaMigration Load (34.9ms)[0m  [1m[34mSELECT "schema_migrations".* FROM "schema_migrations"[0m
Migrating to AddColumnsToUsers (20170530103719)
  [1m[35m (30.7ms)[0m  [1m[35mBEGIN[0m
  [1m[35m (16.1ms)[0m  [1m[35mALTER TABLE "users" ADD "first_name" character varying[0m
  [1m[35m (3.3ms)[0m  [1m[35mALTER TABLE "users" ADD "last_name" character varying[0m
  [1m[35m (0.4ms)[0m  [1m[35mALTER TABLE "users" ADD "phone" character varying[0m
  [1m[35m (0.4ms)[0m  [1m[35mALTER TABLE "users" ADD "delivery_address" character varying[0m
  [1m[35mSQL (0.6ms)[0m  [1m[32mINSERT INTO "schema_migrations" ("version") VALUES ($1) RETURNING "version"[0m  [["version", "20170530103719"]]
  [1m[35m (6.7ms)[0m  [1m[35mCOMMIT[0m
  [1m[36mActiveRecord::InternalMetadata Load (0.8ms)[0m  [1m[34mSELECT  "ar_internal_metadata".* FROM "ar_internal_metadata" WHERE "ar_internal_metadata"."key" = $1 LIMIT $2[0m  [["key", "environment"], ["LIMIT", 1]]
  [1m[35m (0.2ms)[0m  [1m[35mBEGIN[0m
  [1m[35m (0.1ms)[0m  [1m[35mCOMMIT[0m
  [1m[35m (0.2ms)[0m  [1m[34mSELECT pg_advisory_unlock(1387794601620059115)[0m
  [1m[36mActiveRecord::SchemaMigration Load (0.3ms)[0m  [1m[34mSELECT "schema_migrations".* FROM "schema_migrations"[0m
Started GET "/" for 127.0.0.1 at 2017-05-30 12:44:39 +0200
  [1m[36mActiveRecord::SchemaMigration Load (1.0ms)[0m  [1m[34mSELECT "schema_migrations".* FROM "schema_migrations"[0m
Processing by PagesController#home as HTML
  Rendering pages/home.html.erb within layouts/application
  Rendered pages/home.html.erb within layouts/application (4.4ms)
  Rendered shared/_navbar.html.erb (57.9ms)
  Rendered shared/_flashes.html.erb (0.6ms)
Completed 200 OK in 13447ms (Views: 13444.7ms | ActiveRecord: 0.0ms)


Started GET "/users/sign_in" for 127.0.0.1 at 2017-05-30 12:46:12 +0200
Processing by Devise::SessionsController#new as HTML
  Rendering devise/sessions/new.html.erb within layouts/application
  Rendered devise/shared/_links.html.erb (2.8ms)
  Rendered devise/sessions/new.html.erb within layouts/application (372.6ms)
  Rendered shared/_navbar.html.erb (6.5ms)
  Rendered shared/_flashes.html.erb (0.9ms)
Completed 200 OK in 564ms (Views: 476.4ms | ActiveRecord: 13.2ms)


Started GET "/users/sign_in" for 127.0.0.1 at 2017-05-30 12:46:46 +0200
Processing by Devise::SessionsController#new as HTML
  Rendering devise/sessions/new.html.erb within layouts/application
  Rendered devise/shared/_links.html.erb (2.4ms)
  Rendered devise/sessions/new.html.erb within layouts/application (31.9ms)
  Rendered shared/_navbar.html.erb (5.5ms)
  Rendered shared/_flashes.html.erb (1.3ms)
Completed 200 OK in 99ms (Views: 96.2ms | ActiveRecord: 0.0ms)


Started GET "/users/sign_in" for 127.0.0.1 at 2017-05-30 12:46:49 +0200
Processing by Devise::SessionsController#new as HTML
  Rendering devise/sessions/new.html.erb within layouts/application
  Rendered devise/shared/_links.html.erb (1.1ms)
  Rendered devise/sessions/new.html.erb within layouts/application (17.6ms)
  Rendered shared/_navbar.html.erb (2.5ms)
  Rendered shared/_flashes.html.erb (0.6ms)
Completed 200 OK in 64ms (Views: 62.0ms | ActiveRecord: 0.0ms)


Started GET "/users/sign_in" for 127.0.0.1 at 2017-05-30 12:47:29 +0200
Processing by Devise::SessionsController#new as HTML
  Rendering devise/sessions/new.html.erb within layouts/application
  Rendered devise/shared/_links.html.erb (5.6ms)
  Rendered devise/sessions/new.html.erb within layouts/application (53.2ms)
  Rendered shared/_navbar.html.erb (8.6ms)
  Rendered shared/_flashes.html.erb (1.7ms)
Completed 200 OK in 147ms (Views: 132.0ms | ActiveRecord: 0.0ms)


Started GET "/users/sign_in" for 127.0.0.1 at 2017-05-30 12:47:31 +0200
Processing by Devise::SessionsController#new as HTML
  Rendering devise/sessions/new.html.erb within layouts/application
  Rendered devise/shared/_links.html.erb (1.5ms)
  Rendered devise/sessions/new.html.erb within layouts/application (22.7ms)
  Rendered shared/_navbar.html.erb (3.3ms)
  Rendered shared/_flashes.html.erb (0.5ms)
Completed 200 OK in 71ms (Views: 68.9ms | ActiveRecord: 0.0ms)


Started POST "/users/sign_in" for 127.0.0.1 at 2017-05-30 12:47:55 +0200
Processing by Devise::SessionsController#create as HTML
  Parameters: {"utf8"=>"✓", "authenticity_token"=>"Z2V5ZCCz/u8DPmNN3OqPerdYAN+zj98MAZbaiRzntEnHmR7K06IALB1lUYPexmZsmOa/IOcJ95pCb+id0wHhRQ==", "user"=>{"email"=>"ju@gmail.com", "password"=>"[FILTERED]", "remember_me"=>"0"}, "commit"=>"Log in"}
  [1m[36mUser Load (17.8ms)[0m  [1m[34mSELECT  "users".* FROM "users" WHERE "users"."email" = $1 ORDER BY "users"."id" ASC LIMIT $2[0m  [["email", "ju@gmail.com"], ["LIMIT", 1]]
Completed 401 Unauthorized in 67ms (ActiveRecord: 17.8ms)


Processing by Devise::SessionsController#new as HTML
  Parameters: {"utf8"=>"✓", "authenticity_token"=>"Z2V5ZCCz/u8DPmNN3OqPerdYAN+zj98MAZbaiRzntEnHmR7K06IALB1lUYPexmZsmOa/IOcJ95pCb+id0wHhRQ==", "user"=>{"email"=>"ju@gmail.com", "password"=>"[FILTERED]", "remember_me"=>"0"}, "commit"=>"Log in"}
  Rendering devise/sessions/new.html.erb within layouts/application
  Rendered devise/shared/_links.html.erb (1.3ms)
  Rendered devise/sessions/new.html.erb within layouts/application (19.8ms)
  Rendered shared/_navbar.html.erb (5.9ms)
  Rendered shared/_flashes.html.erb (0.6ms)
Completed 200 OK in 334ms (Views: 85.9ms | ActiveRecord: 0.0ms)


Started POST "/users/sign_in" for 127.0.0.1 at 2017-05-30 12:48:03 +0200
Processing by Devise::SessionsController#create as HTML
  Parameters: {"utf8"=>"✓", "authenticity_token"=>"1QoU2/71UxfCA8YO+hCFgku8P536eWDNGfX/D7OwJs519nN1DeSt1NxY9MD4PGyUZAKAYq7/SFtaDM0bfFZzwg==", "user"=>{"email"=>"ju@gmail.com", "password"=>"[FILTERED]", "remember_me"=>"0"}, "commit"=>"Log in"}
  [1m[36mUser Load (2.5ms)[0m  [1m[34mSELECT  "users".* FROM "users" WHERE "users"."email" = $1 ORDER BY "users"."id" ASC LIMIT $2[0m  [["email", "ju@gmail.com"], ["LIMIT", 1]]
Completed 401 Unauthorized in 8ms (ActiveRecord: 2.5ms)


Processing by Devise::SessionsController#new as HTML
  Parameters: {"utf8"=>"✓", "authenticity_token"=>"1QoU2/71UxfCA8YO+hCFgku8P536eWDNGfX/D7OwJs519nN1DeSt1NxY9MD4PGyUZAKAYq7/SFtaDM0bfFZzwg==", "user"=>{"email"=>"ju@gmail.com", "password"=>"[FILTERED]", "remember_me"=>"0"}, "commit"=>"Log in"}
  Rendering devise/sessions/new.html.erb within layouts/application
  Rendered devise/shared/_links.html.erb (1.0ms)
  Rendered devise/sessions/new.html.erb within layouts/application (15.9ms)
  Rendered shared/_navbar.html.erb (3.0ms)
  Rendered shared/_flashes.html.erb (0.4ms)
Completed 200 OK in 204ms (Views: 46.1ms | ActiveRecord: 0.0ms)


Started GET "/users/sign_in" for 127.0.0.1 at 2017-05-30 12:48:07 +0200
Processing by Devise::SessionsController#new as HTML
  Rendering devise/sessions/new.html.erb within layouts/application
  Rendered devise/shared/_links.html.erb (1.8ms)
  Rendered devise/sessions/new.html.erb within layouts/application (19.8ms)
  Rendered shared/_navbar.html.erb (3.2ms)
  Rendered shared/_flashes.html.erb (0.5ms)
Completed 200 OK in 60ms (Views: 57.6ms | ActiveRecord: 0.0ms)


Started GET "/users/sign_up" for 127.0.0.1 at 2017-05-30 12:48:11 +0200
Processing by Devise::RegistrationsController#new as HTML
  Rendering devise/registrations/new.html.erb within layouts/application
  Rendered devise/shared/_links.html.erb (2.2ms)
  Rendered devise/registrations/new.html.erb within layouts/application (22.4ms)
  Rendered shared/_navbar.html.erb (3.0ms)
  Rendered shared/_flashes.html.erb (0.9ms)
Completed 200 OK in 72ms (Views: 66.5ms | ActiveRecord: 0.0ms)


Started POST "/users" for 127.0.0.1 at 2017-05-30 12:48:30 +0200
Processing by Devise::RegistrationsController#create as HTML
  Parameters: {"utf8"=>"✓", "authenticity_token"=>"5uvf6SoPp6ufmzKQdR6soYyR7j/HsAYziNgZ3N+g0wdGF7hH2R5ZaIHAAF53MkW3oy9RwJM2LqXLISvIEEaGCw==", "user"=>{"email"=>"ju@gmail.com", "password"=>"[FILTERED]", "password_confirmation"=>"[FILTERED]"}, "commit"=>"Sign up"}
  [1m[35m (0.5ms)[0m  [1m[35mBEGIN[0m
  [1m[36mUser Exists (0.5ms)[0m  [1m[34mSELECT  1 AS one FROM "users" WHERE "users"."email" = $1 LIMIT $2[0m  [["email", "ju@gmail.com"], ["LIMIT", 1]]
  [1m[35mSQL (13.6ms)[0m  [1m[32mINSERT INTO "users" ("email", "encrypted_password", "created_at", "updated_at") VALUES ($1, $2, $3, $4) RETURNING "id"[0m  [["email", "ju@gmail.com"], ["encrypted_password", "$2a$11$0sqYxgFKTCWxqHDeNLuxPe2BYjr8/bkcucwYrCPMuzqyNnupIXR2u"], ["created_at", "2017-05-30 10:48:30.897575"], ["updated_at", "2017-05-30 10:48:30.897575"]]
  [1m[35m (3.3ms)[0m  [1m[35mCOMMIT[0m
  [1m[35m (0.2ms)[0m  [1m[35mBEGIN[0m
  [1m[35mSQL (7.0ms)[0m  [1m[33mUPDATE "users" SET "sign_in_count" = $1, "current_sign_in_at" = $2, "last_sign_in_at" = $3, "current_sign_in_ip" = $4, "last_sign_in_ip" = $5, "updated_at" = $6 WHERE "users"."id" = $7[0m  [["sign_in_count", 1], ["current_sign_in_at", "2017-05-30 10:48:30.918564"], ["last_sign_in_at", "2017-05-30 10:48:30.918564"], ["current_sign_in_ip", "127.0.0.1/32"], ["last_sign_in_ip", "127.0.0.1/32"], ["updated_at", "2017-05-30 10:48:30.920388"], ["id", 1]]
  [1m[35m (2.6ms)[0m  [1m[35mCOMMIT[0m
Redirected to http://localhost:3000/
Completed 302 Found in 299ms (ActiveRecord: 27.6ms)


Started GET "/" for 127.0.0.1 at 2017-05-30 12:48:30 +0200
Processing by PagesController#home as HTML
  Rendering pages/home.html.erb within layouts/application
  Rendered pages/home.html.erb within layouts/application (0.6ms)
  [1m[36mUser Load (17.0ms)[0m  [1m[34mSELECT  "users".* FROM "users" WHERE "users"."id" = $1 ORDER BY "users"."id" ASC LIMIT $2[0m  [["id", 1], ["LIMIT", 1]]
  Rendered shared/_navbar.html.erb (26.2ms)
  Rendered shared/_flashes.html.erb (1.1ms)
Completed 200 OK in 264ms (Views: 242.4ms | ActiveRecord: 17.0ms)


Started GET "/users/edit" for 127.0.0.1 at 2017-05-30 12:48:58 +0200
Processing by Devise::RegistrationsController#edit as HTML
  [1m[36mUser Load (1.1ms)[0m  [1m[34mSELECT  "users".* FROM "users" WHERE "users"."id" = $1 ORDER BY "users"."id" ASC LIMIT $2[0m  [["id", 1], ["LIMIT", 1]]
  Rendering devise/registrations/edit.html.erb within layouts/application
  Rendered devise/registrations/edit.html.erb within layouts/application (31.9ms)
  Rendered shared/_navbar.html.erb (10.8ms)
  Rendered shared/_flashes.html.erb (2.3ms)
Completed 200 OK in 141ms (Views: 128.0ms | ActiveRecord: 1.1ms)


Started GET "/users/edit" for 127.0.0.1 at 2017-05-30 12:49:24 +0200
Processing by Devise::RegistrationsController#edit as HTML
  [1m[36mUser Load (1.2ms)[0m  [1m[34mSELECT  "users".* FROM "users" WHERE "users"."id" = $1 ORDER BY "users"."id" ASC LIMIT $2[0m  [["id", 1], ["LIMIT", 1]]
  Rendering devise/registrations/edit.html.erb within layouts/application
  Rendered devise/registrations/edit.html.erb within layouts/application (41.9ms)
  Rendered shared/_navbar.html.erb (16.6ms)
  Rendered shared/_flashes.html.erb (1.0ms)
Completed 200 OK in 136ms (Views: 125.1ms | ActiveRecord: 1.2ms)


Started GET "/users/edit" for 127.0.0.1 at 2017-05-30 12:49:45 +0200
Processing by Devise::RegistrationsController#edit as HTML
  [1m[36mUser Load (6.3ms)[0m  [1m[34mSELECT  "users".* FROM "users" WHERE "users"."id" = $1 ORDER BY "users"."id" ASC LIMIT $2[0m  [["id", 1], ["LIMIT", 1]]
  Rendering devise/registrations/edit.html.erb within layouts/application
  Rendered devise/registrations/edit.html.erb within layouts/application (16.9ms)
  Rendered shared/_navbar.html.erb (6.7ms)
  Rendered shared/_flashes.html.erb (1.2ms)
Completed 200 OK in 96ms (Views: 84.8ms | ActiveRecord: 6.3ms)


Started GET "/users/edit" for 127.0.0.1 at 2017-05-30 12:49:47 +0200
Processing by Devise::RegistrationsController#edit as HTML
  [1m[36mUser Load (0.7ms)[0m  [1m[34mSELECT  "users".* FROM "users" WHERE "users"."id" = $1 ORDER BY "users"."id" ASC LIMIT $2[0m  [["id", 1], ["LIMIT", 1]]
  Rendering devise/registrations/edit.html.erb within layouts/application
  Rendered devise/registrations/edit.html.erb within layouts/application (20.0ms)
  Rendered shared/_navbar.html.erb (4.4ms)
  Rendered shared/_flashes.html.erb (0.8ms)
Completed 200 OK in 71ms (Views: 67.5ms | ActiveRecord: 0.7ms)


Started GET "/users/edit" for 127.0.0.1 at 2017-05-30 12:51:00 +0200
  [1m[36mActiveRecord::SchemaMigration Load (0.8ms)[0m  [1m[34mSELECT "schema_migrations".* FROM "schema_migrations"[0m
Processing by Devise::RegistrationsController#edit as HTML
  [1m[36mUser Load (0.9ms)[0m  [1m[34mSELECT  "users".* FROM "users" WHERE "users"."id" = $1 ORDER BY "users"."id" ASC LIMIT $2[0m  [["id", 1], ["LIMIT", 1]]
  Rendering devise/registrations/edit.html.erb within layouts/application
  Rendered devise/registrations/edit.html.erb within layouts/application (280.4ms)
  Rendered shared/_navbar.html.erb (2.8ms)
  Rendered shared/_flashes.html.erb (0.6ms)
Completed 200 OK in 1107ms (Views: 1067.5ms | ActiveRecord: 5.3ms)


Started GET "/users/edit" for 127.0.0.1 at 2017-05-30 12:51:03 +0200
Processing by Devise::RegistrationsController#edit as HTML
  [1m[36mUser Load (0.9ms)[0m  [1m[34mSELECT  "users".* FROM "users" WHERE "users"."id" = $1 ORDER BY "users"."id" ASC LIMIT $2[0m  [["id", 1], ["LIMIT", 1]]
  Rendering devise/registrations/edit.html.erb within layouts/application
  Rendered devise/registrations/edit.html.erb within layouts/application (9.8ms)
  Rendered shared/_navbar.html.erb (4.1ms)
  Rendered shared/_flashes.html.erb (0.8ms)
Completed 200 OK in 56ms (Views: 52.7ms | ActiveRecord: 0.9ms)


Started GET "/users/edit" for 127.0.0.1 at 2017-05-30 12:51:04 +0200
Processing by Devise::RegistrationsController#edit as HTML
  [1m[36mUser Load (0.7ms)[0m  [1m[34mSELECT  "users".* FROM "users" WHERE "users"."id" = $1 ORDER BY "users"."id" ASC LIMIT $2[0m  [["id", 1], ["LIMIT", 1]]
  Rendering devise/registrations/edit.html.erb within layouts/application
  Rendered devise/registrations/edit.html.erb within layouts/application (8.2ms)
  Rendered shared/_navbar.html.erb (3.0ms)
  Rendered shared/_flashes.html.erb (0.5ms)
Completed 200 OK in 43ms (Views: 40.6ms | ActiveRecord: 0.7ms)


Started GET "/users/edit" for 127.0.0.1 at 2017-05-30 12:51:05 +0200
Processing by Devise::RegistrationsController#edit as HTML
  [1m[36mUser Load (1.0ms)[0m  [1m[34mSELECT  "users".* FROM "users" WHERE "users"."id" = $1 ORDER BY "users"."id" ASC LIMIT $2[0m  [["id", 1], ["LIMIT", 1]]
  Rendering devise/registrations/edit.html.erb within layouts/application
  Rendered devise/registrations/edit.html.erb within layouts/application (11.9ms)
  Rendered shared/_navbar.html.erb (43.5ms)
  Rendered shared/_flashes.html.erb (1.4ms)
Completed 200 OK in 109ms (Views: 103.8ms | ActiveRecord: 1.0ms)


Started GET "/users/edit" for 127.0.0.1 at 2017-05-30 12:51:06 +0200
Processing by Devise::RegistrationsController#edit as HTML
  [1m[36mUser Load (0.7ms)[0m  [1m[34mSELECT  "users".* FROM "users" WHERE "users"."id" = $1 ORDER BY "users"."id" ASC LIMIT $2[0m  [["id", 1], ["LIMIT", 1]]
  Rendering devise/registrations/edit.html.erb within layouts/application
  Rendered devise/registrations/edit.html.erb within layouts/application (15.8ms)
  Rendered shared/_navbar.html.erb (3.4ms)
  Rendered shared/_flashes.html.erb (0.7ms)
Completed 200 OK in 58ms (Views: 53.4ms | ActiveRecord: 0.7ms)


Started GET "/users/edit" for 127.0.0.1 at 2017-05-30 12:53:01 +0200
Processing by Devise::RegistrationsController#edit as HTML
  [1m[36mUser Load (1.1ms)[0m  [1m[34mSELECT  "users".* FROM "users" WHERE "users"."id" = $1 ORDER BY "users"."id" ASC LIMIT $2[0m  [["id", 1], ["LIMIT", 1]]
  Rendering devise/registrations/edit.html.erb within layouts/application
  Rendered devise/registrations/edit.html.erb within layouts/application (40.7ms)
  Rendered shared/_navbar.html.erb (9.9ms)
  Rendered shared/_flashes.html.erb (0.7ms)
Completed 200 OK in 136ms (Views: 128.8ms | ActiveRecord: 1.1ms)


Started GET "/users/edit" for 127.0.0.1 at 2017-05-30 12:53:02 +0200
Processing by Devise::RegistrationsController#edit as HTML
  [1m[36mUser Load (0.9ms)[0m  [1m[34mSELECT  "users".* FROM "users" WHERE "users"."id" = $1 ORDER BY "users"."id" ASC LIMIT $2[0m  [["id", 1], ["LIMIT", 1]]
  Rendering devise/registrations/edit.html.erb within layouts/application
  Rendered devise/registrations/edit.html.erb within layouts/application (21.8ms)
  Rendered shared/_navbar.html.erb (6.4ms)
  Rendered shared/_flashes.html.erb (1.1ms)
Completed 200 OK in 68ms (Views: 63.2ms | ActiveRecord: 0.9ms)


Started GET "/users/edit" for 127.0.0.1 at 2017-05-30 12:53:04 +0200
Processing by Devise::RegistrationsController#edit as HTML
  [1m[36mUser Load (0.9ms)[0m  [1m[34mSELECT  "users".* FROM "users" WHERE "users"."id" = $1 ORDER BY "users"."id" ASC LIMIT $2[0m  [["id", 1], ["LIMIT", 1]]
  Rendering devise/registrations/edit.html.erb within layouts/application
  Rendered devise/registrations/edit.html.erb within layouts/application (27.4ms)
  Rendered shared/_navbar.html.erb (2.8ms)
  Rendered shared/_flashes.html.erb (0.5ms)
Completed 200 OK in 68ms (Views: 63.5ms | ActiveRecord: 0.9ms)


Started GET "/users/edit" for 127.0.0.1 at 2017-05-30 12:53:50 +0200
Processing by Devise::RegistrationsController#edit as HTML
  [1m[36mUser Load (0.5ms)[0m  [1m[34mSELECT  "users".* FROM "users" WHERE "users"."id" = $1 ORDER BY "users"."id" ASC LIMIT $2[0m  [["id", 1], ["LIMIT", 1]]
  Rendering devise/registrations/edit.html.erb within layouts/application
  Rendered devise/registrations/edit.html.erb within layouts/application (19.3ms)
  Rendered shared/_navbar.html.erb (7.4ms)
  Rendered shared/_flashes.html.erb (1.0ms)
Completed 200 OK in 102ms (Views: 89.9ms | ActiveRecord: 0.5ms)


Started GET "/users/edit" for 127.0.0.1 at 2017-05-30 12:53:51 +0200
Processing by Devise::RegistrationsController#edit as HTML
  [1m[36mUser Load (0.7ms)[0m  [1m[34mSELECT  "users".* FROM "users" WHERE "users"."id" = $1 ORDER BY "users"."id" ASC LIMIT $2[0m  [["id", 1], ["LIMIT", 1]]
  Rendering devise/registrations/edit.html.erb within layouts/application
  Rendered devise/registrations/edit.html.erb within layouts/application (23.9ms)
  Rendered shared/_navbar.html.erb (3.5ms)
  Rendered shared/_flashes.html.erb (1.0ms)
Completed 200 OK in 65ms (Views: 61.7ms | ActiveRecord: 0.7ms)


Started GET "/users/edit" for 127.0.0.1 at 2017-05-30 12:54:52 +0200
Processing by Devise::RegistrationsController#edit as HTML
  [1m[36mUser Load (0.6ms)[0m  [1m[34mSELECT  "users".* FROM "users" WHERE "users"."id" = $1 ORDER BY "users"."id" ASC LIMIT $2[0m  [["id", 1], ["LIMIT", 1]]
  Rendering devise/registrations/edit.html.erb within layouts/application
  Rendered devise/registrations/edit.html.erb within layouts/application (20.5ms)
  Rendered shared/_navbar.html.erb (6.8ms)
  Rendered shared/_flashes.html.erb (1.3ms)
Completed 200 OK in 85ms (Views: 79.0ms | ActiveRecord: 0.6ms)


Started GET "/users/edit" for 127.0.0.1 at 2017-05-30 12:57:17 +0200
Processing by Devise::RegistrationsController#edit as HTML
  [1m[36mUser Load (1.3ms)[0m  [1m[34mSELECT  "users".* FROM "users" WHERE "users"."id" = $1 ORDER BY "users"."id" ASC LIMIT $2[0m  [["id", 1], ["LIMIT", 1]]
  Rendering devise/registrations/edit.html.erb within layouts/application
  Rendered devise/registrations/edit.html.erb within layouts/application (47.5ms)
  Rendered shared/_navbar.html.erb (10.2ms)
  Rendered shared/_flashes.html.erb (1.6ms)
Completed 200 OK in 177ms (Views: 146.2ms | ActiveRecord: 1.3ms)


Started GET "/users/edit" for 127.0.0.1 at 2017-05-30 12:58:05 +0200
Processing by Devise::RegistrationsController#edit as HTML
  [1m[36mUser Load (0.6ms)[0m  [1m[34mSELECT  "users".* FROM "users" WHERE "users"."id" = $1 ORDER BY "users"."id" ASC LIMIT $2[0m  [["id", 1], ["LIMIT", 1]]
  Rendering devise/registrations/edit.html.erb within layouts/application
  Rendered devise/registrations/edit.html.erb within layouts/application (13.3ms)
  Rendered shared/_navbar.html.erb (9.5ms)
  Rendered shared/_flashes.html.erb (0.6ms)
Completed 200 OK in 78ms (Views: 74.1ms | ActiveRecord: 0.6ms)


Started GET "/users/edit" for 127.0.0.1 at 2017-05-30 12:59:46 +0200
Processing by Devise::RegistrationsController#edit as HTML
  [1m[36mUser Load (1.1ms)[0m  [1m[34mSELECT  "users".* FROM "users" WHERE "users"."id" = $1 ORDER BY "users"."id" ASC LIMIT $2[0m  [["id", 1], ["LIMIT", 1]]
  Rendering devise/registrations/edit.html.erb within layouts/application
  Rendered devise/registrations/edit.html.erb within layouts/application (39.6ms)
  Rendered shared/_navbar.html.erb (10.9ms)
  Rendered shared/_flashes.html.erb (2.5ms)
Completed 200 OK in 133ms (Views: 117.6ms | ActiveRecord: 1.1ms)


Started GET "/users/edit" for 127.0.0.1 at 2017-05-30 13:02:49 +0200
Processing by Devise::RegistrationsController#edit as HTML
  [1m[36mUser Load (0.5ms)[0m  [1m[34mSELECT  "users".* FROM "users" WHERE "users"."id" = $1 ORDER BY "users"."id" ASC LIMIT $2[0m  [["id", 1], ["LIMIT", 1]]
Completed 500 Internal Server Error in 98ms (ActiveRecord: 8.9ms)



NoMethodError - undefined method `for' for #<Devise::ParameterSanitizer:0x007f83a29ce208>
Did you mean?  fork:
  app/controllers/application_controller.rb:7:in `configure_permitted_parameters'
  activesupport (5.0.3) lib/active_support/callbacks.rb:382:in `block in make_lambda'
  activesupport (5.0.3) lib/active_support/callbacks.rb:150:in `block (2 levels) in halting_and_conditional'
  actionpack (5.0.3) lib/abstract_controller/callbacks.rb:12:in `block (2 levels) in <module:Callbacks>'
  activesupport (5.0.3) lib/active_support/callbacks.rb:151:in `block in halting_and_conditional'
  activesupport (5.0.3) lib/active_support/callbacks.rb:454:in `block in call'
  activesupport (5.0.3) lib/active_support/callbacks.rb:454:in `call'
  activesupport (5.0.3) lib/active_support/callbacks.rb:101:in `__run_callbacks__'
  activesupport (5.0.3) lib/active_support/callbacks.rb:750:in `_run_process_action_callbacks'
  activesupport (5.0.3) lib/active_support/callbacks.rb:90:in `run_callbacks'
  actionpack (5.0.3) lib/abstract_controller/callbacks.rb:19:in `process_action'
  actionpack (5.0.3) lib/action_controller/metal/rescue.rb:20:in `process_action'
  actionpack (5.0.3) lib/action_controller/metal/instrumentation.rb:32:in `block in process_action'
  activesupport (5.0.3) lib/active_support/notifications.rb:164:in `block in instrument'
  activesupport (5.0.3) lib/active_support/notifications/instrumenter.rb:21:in `instrument'
  activesupport (5.0.3) lib/active_support/notifications.rb:164:in `instrument'
  actionpack (5.0.3) lib/action_controller/metal/instrumentation.rb:30:in `process_action'
  actionpack (5.0.3) lib/action_controller/metal/params_wrapper.rb:248:in `process_action'
  activerecord (5.0.3) lib/active_record/railties/controller_runtime.rb:18:in `process_action'
  actionpack (5.0.3) lib/abstract_controller/base.rb:126:in `process'
  actionview (5.0.3) lib/action_view/rendering.rb:30:in `process'
  actionpack (5.0.3) lib/action_controller/metal.rb:190:in `dispatch'
  actionpack (5.0.3) lib/action_controller/metal.rb:262:in `dispatch'
  actionpack (5.0.3) lib/action_dispatch/routing/route_set.rb:50:in `dispatch'
  actionpack (5.0.3) lib/action_dispatch/routing/route_set.rb:32:in `serve'
  actionpack (5.0.3) lib/action_dispatch/routing/mapper.rb:16:in `block in <class:Constraints>'
  actionpack (5.0.3) lib/action_dispatch/routing/mapper.rb:46:in `serve'
  actionpack (5.0.3) lib/action_dispatch/journey/router.rb:39:in `block in serve'
  actionpack (5.0.3) lib/action_dispatch/journey/router.rb:26:in `serve'
  actionpack (5.0.3) lib/action_dispatch/routing/route_set.rb:725:in `call'
  warden (1.2.7) lib/warden/manager.rb:36:in `block in call'
  warden (1.2.7) lib/warden/manager.rb:35:in `call'
  rack (2.0.3) lib/rack/etag.rb:25:in `call'
  rack (2.0.3) lib/rack/conditional_get.rb:25:in `call'
  rack (2.0.3) lib/rack/head.rb:12:in `call'
  rack (2.0.3) lib/rack/session/abstract/id.rb:232:in `context'
  rack (2.0.3) lib/rack/session/abstract/id.rb:226:in `call'
  actionpack (5.0.3) lib/action_dispatch/middleware/cookies.rb:613:in `call'
  activerecord (5.0.3) lib/active_record/migration.rb:553:in `call'
  actionpack (5.0.3) lib/action_dispatch/middleware/callbacks.rb:38:in `block in call'
  activesupport (5.0.3) lib/active_support/callbacks.rb:97:in `__run_callbacks__'
  activesupport (5.0.3) lib/active_support/callbacks.rb:750:in `_run_call_callbacks'
  activesupport (5.0.3) lib/active_support/callbacks.rb:90:in `run_callbacks'
  actionpack (5.0.3) lib/action_dispatch/middleware/callbacks.rb:36:in `call'
  actionpack (5.0.3) lib/action_dispatch/middleware/executor.rb:12:in `call'
  actionpack (5.0.3) lib/action_dispatch/middleware/remote_ip.rb:79:in `call'
  better_errors (2.1.1) lib/better_errors/middleware.rb:84:in `protected_app_call'
  better_errors (2.1.1) lib/better_errors/middleware.rb:79:in `better_errors_call'
  better_errors (2.1.1) lib/better_errors/middleware.rb:57:in `call'
  actionpack (5.0.3) lib/action_dispatch/middleware/debug_exceptions.rb:49:in `call'
  actionpack (5.0.3) lib/action_dispatch/middleware/show_exceptions.rb:31:in `call'
  railties (5.0.3) lib/rails/rack/logger.rb:36:in `call_app'
  railties (5.0.3) lib/rails/rack/logger.rb:24:in `block in call'
  activesupport (5.0.3) lib/active_support/tagged_logging.rb:69:in `block in tagged'
  activesupport (5.0.3) lib/active_support/tagged_logging.rb:26:in `tagged'
  activesupport (5.0.3) lib/active_support/tagged_logging.rb:69:in `tagged'
  railties (5.0.3) lib/rails/rack/logger.rb:24:in `call'
  sprockets-rails (3.2.0) lib/sprockets/rails/quiet_assets.rb:13:in `call'
  actionpack (5.0.3) lib/action_dispatch/middleware/request_id.rb:24:in `call'
  rack (2.0.3) lib/rack/method_override.rb:22:in `call'
  rack (2.0.3) lib/rack/runtime.rb:22:in `call'
  activesupport (5.0.3) lib/active_support/cache/strategy/local_cache_middleware.rb:28:in `call'
  actionpack (5.0.3) lib/action_dispatch/middleware/executor.rb:12:in `call'
  actionpack (5.0.3) lib/action_dispatch/middleware/static.rb:136:in `call'
  rack (2.0.3) lib/rack/sendfile.rb:111:in `call'
  railties (5.0.3) lib/rails/engine.rb:522:in `call'
  puma (3.8.2) lib/puma/configuration.rb:224:in `call'
  puma (3.8.2) lib/puma/server.rb:600:in `handle_request'
  puma (3.8.2) lib/puma/server.rb:435:in `process_client'
  puma (3.8.2) lib/puma/server.rb:299:in `block in run'
  puma (3.8.2) lib/puma/thread_pool.rb:120:in `block in spawn_thread'

Started POST "/__better_errors/a3761a041783d27b/variables" for 127.0.0.1 at 2017-05-30 13:02:50 +0200
Started GET "/users/edit" for 127.0.0.1 at 2017-05-30 13:07:42 +0200
Processing by Devise::RegistrationsController#edit as HTML
  [1m[36mUser Load (0.9ms)[0m  [1m[34mSELECT  "users".* FROM "users" WHERE "users"."id" = $1 ORDER BY "users"."id" ASC LIMIT $2[0m  [["id", 1], ["LIMIT", 1]]
  Rendering devise/registrations/edit.html.erb within layouts/application
  Rendered devise/registrations/edit.html.erb within layouts/application (44.9ms)
  Rendered shared/_navbar.html.erb (10.6ms)
  Rendered shared/_flashes.html.erb (1.4ms)
Completed 200 OK in 317ms (Views: 139.1ms | ActiveRecord: 33.8ms)


Started GET "/users/edit" for 127.0.0.1 at 2017-05-30 13:08:38 +0200
Processing by Devise::RegistrationsController#edit as HTML
  [1m[36mUser Load (1.3ms)[0m  [1m[34mSELECT  "users".* FROM "users" WHERE "users"."id" = $1 ORDER BY "users"."id" ASC LIMIT $2[0m  [["id", 1], ["LIMIT", 1]]
  Rendering devise/registrations/edit.html.erb within layouts/application
  Rendered devise/registrations/edit.html.erb within layouts/application (111.2ms)
  Rendered shared/_navbar.html.erb (13.6ms)
  Rendered shared/_flashes.html.erb (1.9ms)
Completed 200 OK in 282ms (Views: 227.6ms | ActiveRecord: 1.3ms)


Started PUT "/users" for 127.0.0.1 at 2017-05-30 13:09:25 +0200
Processing by Devise::RegistrationsController#update as HTML
  Parameters: {"utf8"=>"✓", "authenticity_token"=>"8F+pqOc8NG2a4QYIp9cIZ0dWZahgP11gpzEHfNE6DMpQo84GFC3KroS6NMal++FxaOjaVzS5dfbkyDVoHtxZxg==", "user"=>{"email"=>"ju@gmail.com", "first_name"=>"Juliette", "last_name"=>"Scheidecker", "phone"=>"06756576567567", "delivery_address"=>"2 avenue des saules ", "password"=>"[FILTERED]", "password_confirmation"=>"[FILTERED]", "current_password"=>"[FILTERED]"}, "commit"=>"Update"}
  [1m[36mUser Load (2.4ms)[0m  [1m[34mSELECT  "users".* FROM "users" WHERE "users"."id" = $1 ORDER BY "users"."id" ASC LIMIT $2[0m  [["id", 1], ["LIMIT", 1]]
  [1m[36mUser Load (6.9ms)[0m  [1m[34mSELECT  "users".* FROM "users" WHERE "users"."id" = $1 LIMIT $2[0m  [["id", 1], ["LIMIT", 1]]
  Rendering devise/registrations/edit.html.erb within layouts/application
  Rendered devise/registrations/edit.html.erb within layouts/application (142.3ms)
  Rendered shared/_navbar.html.erb (9.1ms)
  Rendered shared/_flashes.html.erb (1.3ms)
Completed 200 OK in 714ms (Views: 263.2ms | ActiveRecord: 25.7ms)


Started PUT "/users" for 127.0.0.1 at 2017-05-30 13:09:38 +0200
Processing by Devise::RegistrationsController#update as HTML
  Parameters: {"utf8"=>"✓", "authenticity_token"=>"Q+5ADcJlPztmbPw76Mv2uy2aMlo9ldQgY5olQB1V5HrjEiejMXTB+Hg3zvXq5x+tAiSNpWkT/LYgYxdU0rOxdg==", "user"=>{"email"=>"ju@gmail.com", "first_name"=>"Juliette", "last_name"=>"Scheidecker", "phone"=>"06756576567567", "delivery_address"=>"2 avenue des saules ", "password"=>"[FILTERED]", "password_confirmation"=>"[FILTERED]", "current_password"=>"[FILTERED]"}, "commit"=>"Update"}
  [1m[36mUser Load (1.3ms)[0m  [1m[34mSELECT  "users".* FROM "users" WHERE "users"."id" = $1 ORDER BY "users"."id" ASC LIMIT $2[0m  [["id", 1], ["LIMIT", 1]]
  [1m[36mUser Load (0.5ms)[0m  [1m[34mSELECT  "users".* FROM "users" WHERE "users"."id" = $1 LIMIT $2[0m  [["id", 1], ["LIMIT", 1]]
  [1m[35m (0.3ms)[0m  [1m[35mBEGIN[0m
  [1m[35mSQL (7.7ms)[0m  [1m[33mUPDATE "users" SET "first_name" = $1, "last_name" = $2, "phone" = $3, "delivery_address" = $4, "updated_at" = $5 WHERE "users"."id" = $6[0m  [["first_name", "Juliette"], ["last_name", "Scheidecker"], ["phone", "06756576567567"], ["delivery_address", "2 avenue des saules "], ["updated_at", "2017-05-30 11:09:38.827051"], ["id", 1]]
  [1m[35m (24.6ms)[0m  [1m[35mCOMMIT[0m
Redirected to http://localhost:3000/
Completed 302 Found in 331ms (ActiveRecord: 34.5ms)


Started GET "/" for 127.0.0.1 at 2017-05-30 13:09:38 +0200
Processing by PagesController#home as HTML
  Rendering pages/home.html.erb within layouts/application
  Rendered pages/home.html.erb within layouts/application (3.9ms)
  [1m[36mUser Load (0.8ms)[0m  [1m[34mSELECT  "users".* FROM "users" WHERE "users"."id" = $1 ORDER BY "users"."id" ASC LIMIT $2[0m  [["id", 1], ["LIMIT", 1]]
  Rendered shared/_navbar.html.erb (8.8ms)
  Rendered shared/_flashes.html.erb (0.8ms)
Completed 200 OK in 173ms (Views: 164.2ms | ActiveRecord: 0.8ms)


Started GET "/users/sign_up" for 127.0.0.1 at 2017-05-30 13:10:20 +0200
Processing by Devise::RegistrationsController#new as HTML
  [1m[36mUser Load (2.0ms)[0m  [1m[34mSELECT  "users".* FROM "users" WHERE "users"."id" = $1 ORDER BY "users"."id" ASC LIMIT $2[0m  [["id", 1], ["LIMIT", 1]]
Redirected to http://localhost:3000/
Filter chain halted as :require_no_authentication rendered or redirected
Completed 302 Found in 40ms (ActiveRecord: 2.0ms)


Started GET "/" for 127.0.0.1 at 2017-05-30 13:10:20 +0200
Processing by PagesController#home as HTML
  Rendering pages/home.html.erb within layouts/application
  Rendered pages/home.html.erb within layouts/application (3.3ms)
  [1m[36mUser Load (31.5ms)[0m  [1m[34mSELECT  "users".* FROM "users" WHERE "users"."id" = $1 ORDER BY "users"."id" ASC LIMIT $2[0m  [["id", 1], ["LIMIT", 1]]
  Rendered shared/_navbar.html.erb (45.8ms)
  Rendered shared/_flashes.html.erb (1.9ms)
Completed 200 OK in 147ms (Views: 106.2ms | ActiveRecord: 31.5ms)


Started DELETE "/users/sign_out" for 127.0.0.1 at 2017-05-30 13:10:25 +0200
Processing by Devise::SessionsController#destroy as HTML
  Parameters: {"authenticity_token"=>"al8AAggM3iLt3MzuePsr6qVLoTPieBHxQzztS768GEXKo2es+x0g4fOH/iB618L8ivUezLb+OWcAxd9fcVpNSQ=="}
  [1m[36mUser Load (0.6ms)[0m  [1m[34mSELECT  "users".* FROM "users" WHERE "users"."id" = $1 ORDER BY "users"."id" ASC LIMIT $2[0m  [["id", 1], ["LIMIT", 1]]
  [1m[35m (0.2ms)[0m  [1m[35mBEGIN[0m
  [1m[35m (0.2ms)[0m  [1m[35mCOMMIT[0m
Redirected to http://localhost:3000/
Completed 302 Found in 45ms (ActiveRecord: 1.0ms)


Started GET "/" for 127.0.0.1 at 2017-05-30 13:10:25 +0200
Processing by PagesController#home as HTML
  Rendering pages/home.html.erb within layouts/application
  Rendered pages/home.html.erb within layouts/application (1.5ms)
  Rendered shared/_navbar.html.erb (18.9ms)
  Rendered shared/_flashes.html.erb (0.7ms)
Completed 200 OK in 110ms (Views: 108.6ms | ActiveRecord: 0.0ms)


Started GET "/users/sign_in" for 127.0.0.1 at 2017-05-30 13:10:27 +0200
Processing by Devise::SessionsController#new as HTML
  Rendering devise/sessions/new.html.erb within layouts/application
  Rendered devise/shared/_links.html.erb (2.6ms)
  Rendered devise/sessions/new.html.erb within layouts/application (80.1ms)
  Rendered shared/_navbar.html.erb (8.8ms)
  Rendered shared/_flashes.html.erb (0.6ms)
Completed 200 OK in 147ms (Views: 139.6ms | ActiveRecord: 0.0ms)


Started GET "//users/sign_up" for 127.0.0.1 at 2017-05-30 13:10:35 +0200
Processing by Devise::RegistrationsController#new as HTML
  Rendering devise/registrations/new.html.erb within layouts/application
  Rendered devise/shared/_links.html.erb (2.1ms)
  Rendered devise/registrations/new.html.erb within layouts/application (33.8ms)
  Rendered shared/_navbar.html.erb (3.6ms)
  Rendered shared/_flashes.html.erb (0.6ms)
Completed 200 OK in 112ms (Views: 106.3ms | ActiveRecord: 0.0ms)


Started GET "/users/sign_up" for 127.0.0.1 at 2017-05-30 13:10:40 +0200
Processing by Devise::RegistrationsController#new as HTML
  Rendering devise/registrations/new.html.erb within layouts/application
  Rendered devise/shared/_links.html.erb (2.8ms)
  Rendered devise/registrations/new.html.erb within layouts/application (44.0ms)
  Rendered shared/_navbar.html.erb (8.3ms)
  Rendered shared/_flashes.html.erb (0.8ms)
Completed 200 OK in 119ms (Views: 116.1ms | ActiveRecord: 0.0ms)


Started GET "/users/sign_in" for 127.0.0.1 at 2017-05-30 13:11:19 +0200
Processing by Devise::SessionsController#new as HTML
  Rendering devise/sessions/new.html.erb within layouts/application
  Rendered devise/shared/_links.html.erb (12.0ms)
  Rendered devise/sessions/new.html.erb within layouts/application (111.0ms)
  Rendered shared/_navbar.html.erb (8.6ms)
  Rendered shared/_flashes.html.erb (1.4ms)
Completed 200 OK in 258ms (Views: 214.7ms | ActiveRecord: 0.0ms)


Started POST "/users/sign_in" for 127.0.0.1 at 2017-05-30 13:11:30 +0200
Processing by Devise::SessionsController#create as HTML
  Parameters: {"utf8"=>"✓", "authenticity_token"=>"M92LOYVGIPXfiAEtsZg7bB+A6PZ4pBYcI/bsKjdvfHDVQArc+2a4wSAL3IkCD0ISmgd4AKqXmthrLd5UDLP/Tg==", "user"=>{"email"=>"ju@gmail.com", "password"=>"[FILTERED]", "remember_me"=>"0"}, "commit"=>"Log in"}
  [1m[36mUser Load (51.8ms)[0m  [1m[34mSELECT  "users".* FROM "users" WHERE "users"."email" = $1 ORDER BY "users"."id" ASC LIMIT $2[0m  [["email", "ju@gmail.com"], ["LIMIT", 1]]
  [1m[35m (0.2ms)[0m  [1m[35mBEGIN[0m
  [1m[35mSQL (31.2ms)[0m  [1m[33mUPDATE "users" SET "current_sign_in_at" = $1, "sign_in_count" = $2, "updated_at" = $3 WHERE "users"."id" = $4[0m  [["current_sign_in_at", "2017-05-30 11:11:30.893178"], ["sign_in_count", 2], ["updated_at", "2017-05-30 11:11:30.901172"], ["id", 1]]
  [1m[35m (2.5ms)[0m  [1m[35mCOMMIT[0m
Redirected to http://localhost:3000/
Completed 302 Found in 344ms (ActiveRecord: 85.7ms)


Started GET "/" for 127.0.0.1 at 2017-05-30 13:11:30 +0200
Processing by PagesController#home as HTML
  Rendering pages/home.html.erb within layouts/application
  Rendered pages/home.html.erb within layouts/application (0.9ms)
  [1m[36mUser Load (0.5ms)[0m  [1m[34mSELECT  "users".* FROM "users" WHERE "users"."id" = $1 ORDER BY "users"."id" ASC LIMIT $2[0m  [["id", 1], ["LIMIT", 1]]
  Rendered shared/_navbar.html.erb (9.5ms)
  Rendered shared/_flashes.html.erb (0.7ms)
Completed 200 OK in 75ms (Views: 70.0ms | ActiveRecord: 0.5ms)


Started GET "/users/edit" for 127.0.0.1 at 2017-05-30 13:12:12 +0200
Processing by Devise::RegistrationsController#edit as HTML
  [1m[36mUser Load (16.2ms)[0m  [1m[34mSELECT  "users".* FROM "users" WHERE "users"."id" = $1 ORDER BY "users"."id" ASC LIMIT $2[0m  [["id", 1], ["LIMIT", 1]]
  Rendering devise/registrations/edit.html.erb within layouts/application
  Rendered devise/registrations/edit.html.erb within layouts/application (114.2ms)
  Rendered shared/_navbar.html.erb (10.4ms)
  Rendered shared/_flashes.html.erb (1.3ms)
Completed 200 OK in 234ms (Views: 211.0ms | ActiveRecord: 16.2ms)


Started GET "/users/edit" for 127.0.0.1 at 2017-05-30 13:15:09 +0200
  [1m[36mActiveRecord::SchemaMigration Load (16.9ms)[0m  [1m[34mSELECT "schema_migrations".* FROM "schema_migrations"[0m
Processing by Devise::RegistrationsController#edit as HTML
  [1m[36mUser Load (0.8ms)[0m  [1m[34mSELECT  "users".* FROM "users" WHERE "users"."id" = $1 ORDER BY "users"."id" ASC LIMIT $2[0m  [["id", 1], ["LIMIT", 1]]
  Rendering devise/registrations/edit.html.erb within layouts/application
  Rendered devise/registrations/edit.html.erb within layouts/application (295.4ms)
  Rendered shared/_navbar.html.erb (4.2ms)
  Rendered shared/_flashes.html.erb (0.6ms)
Completed 200 OK in 1198ms (Views: 1153.0ms | ActiveRecord: 5.3ms)


